C:\USERS\ADMINISTRATOR\DOCUMENTS\VISUAL STUDIO 2010\PROJECTS\DEMO\DEBUG\MINITOOL.EXE
C:\USERS\ADMINISTRATOR\DOCUMENTS\VISUAL STUDIO 2010\PROJECTS\DEMO\DEBUG\MINITOOL.ILK
C:\USERS\ADMINISTRATOR\DOCUMENTS\VISUAL STUDIO 2010\PROJECTS\DEMO\DEBUG\MINITOOL.PDB
C:\USERS\ADMINISTRATOR\DOCUMENTS\VISUAL STUDIO 2010\PROJECTS\DEMO\MINITOOL\DEBUG\CHILDVIEW.OBJ
C:\USERS\ADMINISTRATOR\DOCUMENTS\VISUAL STUDIO 2010\PROJECTS\DEMO\MINITOOL\DEBUG\MAINFRM.OBJ
C:\USERS\ADMINISTRATOR\DOCUMENTS\VISUAL STUDIO 2010\PROJECTS\DEMO\MINITOOL\DEBUG\MINITOOL.EXE.EMBED.MANIFEST
C:\USERS\ADMINISTRATOR\DOCUMENTS\VISUAL STUDIO 2010\PROJECTS\DEMO\MINITOOL\DEBUG\MINITOOL.EXE.EMBED.MANIFEST.RES
C:\USERS\ADMINISTRATOR\DOCUMENTS\VISUAL STUDIO 2010\PROJECTS\DEMO\MINITOOL\DEBUG\MINITOOL.EXE.INTERMEDIATE.MANIFEST
C:\USERS\ADMINISTRATOR\DOCUMENTS\VISUAL STUDIO 2010\PROJECTS\DEMO\MINITOOL\DEBUG\MINITOOL.OBJ
C:\USERS\ADMINISTRATOR\DOCUMENTS\VISUAL STUDIO 2010\PROJECTS\DEMO\MINITOOL\DEBUG\MINITOOL.PCH
C:\USERS\ADMINISTRATOR\DOCUMENTS\VISUAL STUDIO 2010\PROJECTS\DEMO\MINITOOL\DEBUG\MINITOOL.RES
C:\USERS\ADMINISTRATOR\DOCUMENTS\VISUAL STUDIO 2010\PROJECTS\DEMO\MINITOOL\DEBUG\STDAFX.OBJ
C:\USERS\ADMINISTRATOR\DOCUMENTS\VISUAL STUDIO 2010\PROJECTS\DEMO\MINITOOL\DEBUG\VC100.PDB
D:\git\cyb_win\MiniTool\Debug\ChildView.obj
D:\git\cyb_win\MiniTool\Debug\cl.command.1.tlog
D:\git\cyb_win\MiniTool\Debug\CL.read.1.tlog
D:\git\cyb_win\MiniTool\Debug\CL.write.1.tlog
D:\git\cyb_win\MiniTool\Debug\link.command.1.tlog
D:\git\cyb_win\MiniTool\Debug\link.read.1.tlog
D:\git\cyb_win\MiniTool\Debug\link.write.1.tlog
D:\git\cyb_win\MiniTool\Debug\link-cvtres.read.1.tlog
D:\git\cyb_win\MiniTool\Debug\link-cvtres.write.1.tlog
D:\git\cyb_win\MiniTool\Debug\MainFrm.obj
D:\git\cyb_win\MiniTool\Debug\MiniTool.exe.embed.manifest
D:\git\cyb_win\MiniTool\Debug\MiniTool.exe.embed.manifest.res
D:\git\cyb_win\MiniTool\Debug\MiniTool.exe.intermediate.manifest
D:\git\cyb_win\MiniTool\Debug\MiniTool.obj
D:\git\cyb_win\MiniTool\Debug\MiniTool.pch
D:\git\cyb_win\MiniTool\Debug\MiniTool.res
D:\git\cyb_win\MiniTool\Debug\MiniTool.vcxprojResolveAssemblyReference.cache
D:\git\cyb_win\MiniTool\Debug\MiniTool.write.1.tlog
D:\git\cyb_win\MiniTool\Debug\MiniTool_manifest.rc
D:\git\cyb_win\MiniTool\Debug\mt.command.1.tlog
D:\git\cyb_win\MiniTool\Debug\mt.read.1.tlog
D:\git\cyb_win\MiniTool\Debug\mt.write.1.tlog
D:\git\cyb_win\MiniTool\Debug\rc.command.1.tlog
D:\git\cyb_win\MiniTool\Debug\rc.read.1.tlog
D:\git\cyb_win\MiniTool\Debug\rc.write.1.tlog
D:\git\cyb_win\MiniTool\Debug\stdafx.obj
D:\git\cyb_win\MiniTool\Debug\vc100.idb
D:\git\cyb_win\MiniTool\Debug\vc100.pdb
