生成启动时间为 2015/10/20 18:21:12。
     1>项目“D:\git\cyb_win\MiniTool\MiniTool.vcxproj”在节点 2 上(build 个目标)。
     1>InitializeBuildStatus:
         正在对“Debug\MiniTool.unsuccessfulbuild”执行 Touch 任务。
       ClCompile:
         C:\Program Files (x86)\Microsoft Visual Studio 10.0\VC\bin\CL.exe /c /ZI /nologo /W3 /WX- /Od /Oy- /D WIN32 /D _WINDOWS /D _DEBUG /D _UNICODE /D UNICODE /D _AFXDLL /Gm /EHsc /RTC1 /MDd /GS /fp:precise /Zc:wchar_t /Zc:forScope /Yc"StdAfx.h" /Fp"Debug\MiniTool.pch" /Fo"Debug\\" /Fd"Debug\vc100.pdb" /Gd /TP /analyze- /errorReport:prompt stdafx.cpp
         stdafx.cpp
         C:\Program Files (x86)\Microsoft Visual Studio 10.0\VC\bin\CL.exe /c /ZI /nologo /W3 /WX- /Od /Oy- /D WIN32 /D _WINDOWS /D _DEBUG /D _UNICODE /D UNICODE /D _AFXDLL /Gm /EHsc /RTC1 /MDd /GS /fp:precise /Zc:wchar_t /Zc:forScope /Yu"StdAfx.h" /Fp"Debug\MiniTool.pch" /Fo"Debug\\" /Fd"Debug\vc100.pdb" /Gd /TP /analyze- /errorReport:prompt ChildView.cpp MainFrm.cpp MiniTool.cpp
         MiniTool.cpp
         MainFrm.cpp
         ChildView.cpp
         正在生成代码...
       ResourceCompile:
         C:\Program Files (x86)\Microsoft SDKs\Windows\v7.0A\bin\rc.exe /D _DEBUG /D _UNICODE /D UNICODE /D _AFXDLL /l"0x0804" /IDebug\ /nologo /fo"Debug\MiniTool.res" MiniTool.rc 
       ManifestResourceCompile:
         C:\Program Files (x86)\Microsoft SDKs\Windows\v7.0A\bin\rc.exe /nologo /fo"Debug\MiniTool.exe.embed.manifest.res" Debug\MiniTool_manifest.rc 
       Link:
         C:\Program Files (x86)\Microsoft Visual Studio 10.0\VC\bin\link.exe /ERRORREPORT:PROMPT /OUT:"D:\git\cyb_win\Debug\MiniTool.exe" /INCREMENTAL /NOLOGO /MANIFEST /ManifestFile:"Debug\MiniTool.exe.intermediate.manifest" /MANIFESTUAC:"level='asInvoker' uiAccess='false'" /DEBUG /PDB:"D:\git\cyb_win\Debug\MiniTool.pdb" /SUBSYSTEM:WINDOWS /TLBID:1 /ENTRY:"wWinMainCRTStartup" /DYNAMICBASE /NXCOMPAT /IMPLIB:"D:\git\cyb_win\Debug\MiniTool.lib" /MACHINE:X86 Debug\MiniTool.res
         Debug\MiniTool.exe.embed.manifest.res
         Debug\ChildView.obj
         Debug\MainFrm.obj
         Debug\MiniTool.obj
         Debug\stdafx.obj
       Manifest:
         C:\Program Files (x86)\Microsoft SDKs\Windows\v7.0A\bin\mt.exe /nologo /verbose /out:"Debug\MiniTool.exe.embed.manifest" /manifest Debug\MiniTool.exe.intermediate.manifest "C:\Program Files (x86)\Microsoft Visual Studio 10.0\VC\Include\Manifest\dpiaware.manifest"
         C:\Program Files (x86)\Microsoft SDKs\Windows\v7.0A\bin\rc.exe /nologo /fo"Debug\MiniTool.exe.embed.manifest.res" Debug\MiniTool_manifest.rc 
       LinkEmbedManifest:
         C:\Program Files (x86)\Microsoft Visual Studio 10.0\VC\bin\link.exe /ERRORREPORT:PROMPT /OUT:"D:\git\cyb_win\Debug\MiniTool.exe" /INCREMENTAL /NOLOGO /MANIFEST /ManifestFile:"Debug\MiniTool.exe.intermediate.manifest" /MANIFESTUAC:"level='asInvoker' uiAccess='false'" /DEBUG /PDB:"D:\git\cyb_win\Debug\MiniTool.pdb" /SUBSYSTEM:WINDOWS /TLBID:1 /ENTRY:"wWinMainCRTStartup" /DYNAMICBASE /NXCOMPAT /IMPLIB:"D:\git\cyb_win\Debug\MiniTool.lib" /MACHINE:X86 Debug\MiniTool.res
         Debug\MiniTool.exe.embed.manifest.res
         Debug\ChildView.obj
         Debug\MainFrm.obj
         Debug\MiniTool.obj
         Debug\stdafx.obj
         MiniTool.vcxproj -> D:\git\cyb_win\Debug\MiniTool.exe
       FinalizeBuildStatus:
         正在删除文件“Debug\MiniTool.unsuccessfulbuild”。
         正在对“Debug\MiniTool.lastbuildstate”执行 Touch 任务。
     1>已完成生成项目“D:\git\cyb_win\MiniTool\MiniTool.vcxproj”(build 个目标)的操作。

生成成功。

已用时间 00:00:04.95
