C:\USERS\ADMINISTRATOR\DOCUMENTS\VISUAL STUDIO 2010\PROJECTS\DEMO\MINITOOL\RELEASE\CHILDVIEW.OBJ
C:\Users\Administrator\documents\visual studio 2010\Projects\Demo\MiniTool\Release\cl.command.1.tlog
C:\Users\Administrator\documents\visual studio 2010\Projects\Demo\MiniTool\Release\CL.read.1.tlog
C:\Users\Administrator\documents\visual studio 2010\Projects\Demo\MiniTool\Release\CL.write.1.tlog
C:\Users\Administrator\documents\visual studio 2010\Projects\Demo\MiniTool\Release\link.command.1.tlog
C:\Users\Administrator\documents\visual studio 2010\Projects\Demo\MiniTool\Release\link.read.1.tlog
C:\Users\Administrator\documents\visual studio 2010\Projects\Demo\MiniTool\Release\link.write.1.tlog
C:\Users\Administrator\documents\visual studio 2010\Projects\Demo\MiniTool\Release\link-cvtres.read.1.tlog
C:\Users\Administrator\documents\visual studio 2010\Projects\Demo\MiniTool\Release\link-cvtres.write.1.tlog
C:\USERS\ADMINISTRATOR\DOCUMENTS\VISUAL STUDIO 2010\PROJECTS\DEMO\MINITOOL\RELEASE\MAINFRM.OBJ
C:\USERS\ADMINISTRATOR\DOCUMENTS\VISUAL STUDIO 2010\PROJECTS\DEMO\MINITOOL\RELEASE\MINITOOL.EXE.INTERMEDIATE.MANIFEST
C:\USERS\ADMINISTRATOR\DOCUMENTS\VISUAL STUDIO 2010\PROJECTS\DEMO\MINITOOL\RELEASE\MINITOOL.OBJ
C:\USERS\ADMINISTRATOR\DOCUMENTS\VISUAL STUDIO 2010\PROJECTS\DEMO\MINITOOL\RELEASE\MINITOOL.PCH
C:\USERS\ADMINISTRATOR\DOCUMENTS\VISUAL STUDIO 2010\PROJECTS\DEMO\MINITOOL\RELEASE\MINITOOL.RES
C:\Users\Administrator\documents\visual studio 2010\Projects\Demo\MiniTool\Release\MiniTool.write.1.tlog
C:\Users\Administrator\documents\visual studio 2010\Projects\Demo\MiniTool\Release\mt.command.1.tlog
C:\Users\Administrator\documents\visual studio 2010\Projects\Demo\MiniTool\Release\mt.read.1.tlog
C:\Users\Administrator\documents\visual studio 2010\Projects\Demo\MiniTool\Release\mt.write.1.tlog
C:\Users\Administrator\documents\visual studio 2010\Projects\Demo\MiniTool\Release\rc.command.1.tlog
C:\Users\Administrator\documents\visual studio 2010\Projects\Demo\MiniTool\Release\rc.read.1.tlog
C:\Users\Administrator\documents\visual studio 2010\Projects\Demo\MiniTool\Release\rc.write.1.tlog
C:\USERS\ADMINISTRATOR\DOCUMENTS\VISUAL STUDIO 2010\PROJECTS\DEMO\MINITOOL\RELEASE\STDAFX.OBJ
C:\USERS\ADMINISTRATOR\DOCUMENTS\VISUAL STUDIO 2010\PROJECTS\DEMO\MINITOOL\RELEASE\VC100.PDB
C:\USERS\ADMINISTRATOR\DOCUMENTS\VISUAL STUDIO 2010\PROJECTS\DEMO\RELEASE\MINITOOL.EXE
C:\USERS\ADMINISTRATOR\DOCUMENTS\VISUAL STUDIO 2010\PROJECTS\DEMO\RELEASE\MINITOOL.PDB
